
Showing logs for build [32mcb-kubecd-kubecon-sandiego-mast-1[0m stage [32mfrom-build-pack[0m and container [32mstep-credential-initializer-596vc[0m
{"level":"warn","ts":1574106084.8208988,"logger":"fallback-logger","caller":"logging/config.go:69","msg":"Fetch GitHub commit ID from kodata failed: \"ref: refs/heads/master\" is not a valid GitHub commit ID"}
{"level":"info","ts":1574106084.8219635,"logger":"fallback-logger","caller":"creds-init/main.go:40","msg":"Credentials initialized."}

Showing logs for build [32mcb-kubecd-kubecon-sandiego-mast-1[0m stage [32mfrom-build-pack[0m and container [32mstep-working-dir-initializer-ft2cf[0m
{"level":"warn","ts":1574106086.2463837,"logger":"fallback-logger","caller":"logging/config.go:69","msg":"Fetch GitHub commit ID from kodata failed: open /var/run/ko/HEAD: no such file or directory"}
{"level":"info","ts":1574106086.248262,"logger":"fallback-logger","caller":"bash/main.go:65","msg":"Successfully executed command \"mkdir -p /workspace/source\""}

Showing logs for build [32mcb-kubecd-kubecon-sandiego-mast-1[0m stage [32mfrom-build-pack[0m and container [32mstep-place-tools[0m

Showing logs for build [32mcb-kubecd-kubecon-sandiego-mast-1[0m stage [32mfrom-build-pack[0m and container [32mstep-git-source-cb-kubecd-kubecon-sandiego-mast-s74xx[0m
{"level":"warn","ts":1574106125.3153284,"logger":"fallback-logger","caller":"logging/config.go:69","msg":"Fetch GitHub commit ID from kodata failed: \"ref: refs/heads/master\" is not a valid GitHub commit ID"}
{"level":"info","ts":1574106125.8719535,"logger":"fallback-logger","caller":"git/git.go:102","msg":"Successfully cloned https://github.com/cb-kubecd/kubecon-sandiego.git @ v0.0.1 in path /workspace/source"}

Showing logs for build [32mcb-kubecd-kubecon-sandiego-mast-1[0m stage [32mfrom-build-pack[0m and container [32mstep-git-merge[0m
Using SHAs from PULL_REFS=master:07c13b8a9ab3c91a11a3c19a622fd783b47ddd57
WARNING: no SHAs to merge, falling back to initial cloned commit

Showing logs for build [32mcb-kubecd-kubecon-sandiego-mast-1[0m stage [32mfrom-build-pack[0m and container [32mstep-setup-jx-git-credentials[0m
Generated Git credentials file /workspace/xdg_config/git/credentials

Showing logs for build [32mcb-kubecd-kubecon-sandiego-mast-1[0m stage [32mfrom-build-pack[0m and container [32mstep-build-npmrc[0m
WARNING: failed to find Secret npm-token in namespace **

Showing logs for build [32mcb-kubecd-kubecon-sandiego-mast-1[0m stage [32mfrom-build-pack[0m and container [32mstep-build-npm-install[0m
npm notice created a lockfile as package-lock.json. You should commit this file.
npm WARN REPLACE_ME@1.0.0 No repository field.
npm WARN REPLACE_ME@1.0.0 No license field.

up to date in 0.22s
found 0 vulnerabilities


Showing logs for build [32mcb-kubecd-kubecon-sandiego-mast-1[0m stage [32mfrom-build-pack[0m and container [32mstep-build-npm-test[0m

> REPLACE_ME@1.0.0 test /workspace/source
> echo "no test specified" && exit 0

no test specified

Showing logs for build [32mcb-kubecd-kubecon-sandiego-mast-1[0m stage [32mfrom-build-pack[0m and container [32mstep-build-container-build[0m
[36mINFO[0m[0000] Downloading base image node:9-slim           
ERROR: logging before flag.Parse: E1118 19:42:09.527504      10 metadata.go:159] while reading 'google-dockercfg-url' metadata: http status code: 404 while fetching url http://metadata.google.internal./computeMetadata/v1/instance/attributes/google-dockercfg-url
ERROR: logging before flag.Parse: E1118 19:42:09.560670      10 metadata.go:142] while reading 'google-dockercfg' metadata: http status code: 404 while fetching url http://metadata.google.internal./computeMetadata/v1/instance/attributes/google-dockercfg
2019/11/18 19:42:09 No matching credentials were found, falling back on anonymous
[36mINFO[0m[0001] Error while retrieving image from cache: getting file info: stat /workspace/sha256:0e0175bbe4f8d9d104590d8d2c591017874e30977cb71aaff1cf6fa99479575c: no such file or directory 
[36mINFO[0m[0001] Downloading base image node:9-slim           
2019/11/18 19:42:10 No matching credentials were found, falling back on anonymous
[36mINFO[0m[0001] Executing 0 build triggers                   
[36mINFO[0m[0001] cmd: EXPOSE                                  
[36mINFO[0m[0001] Adding exposed port: 8080/tcp                
[36mINFO[0m[0001] Using files from context: [/workspace/source] 
[36mINFO[0m[0001] Skipping unpacking as no commands require it. 
[36mINFO[0m[0001] Taking snapshot of full filesystem...        
[36mINFO[0m[0001] ENV PORT 8080                                
[36mINFO[0m[0001] No files changed in this command, skipping snapshotting. 
[36mINFO[0m[0001] EXPOSE 8080                                  
[36mINFO[0m[0001] cmd: EXPOSE                                  
[36mINFO[0m[0001] Adding exposed port: 8080/tcp                
[36mINFO[0m[0001] No files changed in this command, skipping snapshotting. 
[36mINFO[0m[0001] WORKDIR /usr/src/app                         
[36mINFO[0m[0001] cmd: workdir                                 
[36mINFO[0m[0001] Changed working directory to /usr/src/app    
[36mINFO[0m[0001] Creating directory /usr/src/app              
[36mINFO[0m[0001] Taking snapshot of files...                  
[36mINFO[0m[0001] Using files from context: [/workspace/source] 
[36mINFO[0m[0001] COPY . .                                     
[36mINFO[0m[0001] Taking snapshot of files...                  
[36mINFO[0m[0001] CMD ["npm", "start"]                         
[36mINFO[0m[0001] No files changed in this command, skipping snapshotting. 
2019/11/18 19:42:11 existing blob: sha256:a88538b9cd05cfa611e43a25582a95ad7879f6fa708b0386a26b71ee62235bb3
2019/11/18 19:42:11 existing blob: sha256:e01bd28a434b56ffd2a3fe9aa99b9b69aecca69904843edd30b1ee7150d79904
2019/11/18 19:42:11 existing blob: sha256:5bba3ecb4cd6374a19da45f2a3db0a9c0804984358b3bb4b666c28944016e5ff
2019/11/18 19:42:11 existing blob: sha256:7d083412657baa2dafba8d093034ef26f9ed2c90fb6ed95f76bb55aff03ed429
2019/11/18 19:42:11 existing blob: sha256:196b8e3c919d5639193ba6c6e54774528942041bbc37606631a2250502985c3c
2019/11/18 19:42:13 pushed blob: sha256:c55fb95f6e0d1aff0a62f2dca31f6987e4c218ae9640eab158c35d1738917005
2019/11/18 19:42:13 pushed blob: sha256:e631ee97d2b2b4b32deef9ebfaf4d61a4a31338d1636208950d14e78e0083d32
2019/11/18 19:42:13 pushed blob: sha256:f04f379d4d1936d192d59212e2151fbeed11a04bac5d666cedcdc3d59bed4e62
2019/11/18 19:42:14 gcr.io/jenkins-x-demo-238815/kubecon-sandiego:0.0.1: digest: sha256:720aff93268d748562d4bdb9d3550795deed52ba120fbb0c2c13faf4b18d7fc6 size: 1404

Showing logs for build [32mcb-kubecd-kubecon-sandiego-mast-1[0m stage [32mfrom-build-pack[0m and container [32mstep-build-post-build[0m
no CVE provider running in the current ** namespace so skip adding image to be analysed

Showing logs for build [32mcb-kubecd-kubecon-sandiego-mast-1[0m stage [32mfrom-build-pack[0m and container [32mstep-promote-changelog[0m
Converted /workspace/source/charts/kubecon-sandiego to an unshallow repository
Generating change log from git ref 917ec434027bdba143d91485795196b17e7e644e => bc48992d6a6ac0c4a3e0807f121be09d46320ed2
Associating user x-0 in users.jenkins.io with email rawlingsj80@gmail.com to git GitProvider user with login -0 as emails match
Adding label jenkins.io/git-github-userid=-0 to user x-0 in users.jenkins.io
WARNING: Failed to enrich commit 07c13b8a9ab3c91a11a3c19a622fd783b47ddd57 with issues: User.jenkins.io "x-0" is invalid: metadata.labels: Invalid value: "-0": a valid label must be an empty string or consist of alphanumeric characters, '-', '_' or '.', and must start and end with an alphanumeric character (e.g. 'MyValue',  or 'my_value',  or '12345', regex used for validation is '(([A-Za-z0-9][-A-Za-z0-9_.]*)?[A-Za-z0-9])?')
Finding issues in commit messages using git format
WARNING: No release found for cb-kubecd/kubecon-sandiego and tag v0.0.1 so creating a new release
Updated the release information at https://github.com/cb-kubecd/kubecon-sandiego/releases/tag/v0.0.1
generated: /workspace/source/charts/kubecon-sandiego/templates/release.yaml
Created Release kubecon-sandiego-0-0-1 resource in namespace **
Updating PipelineActivity cb-kubecd-kubecon-sandiego-master-1 with version 0.0.1
Updated PipelineActivities cb-kubecd-kubecon-sandiego-master-1 with release notes URL: https://github.com/cb-kubecd/kubecon-sandiego/releases/tag/v0.0.1

Showing logs for build [32mcb-kubecd-kubecon-sandiego-mast-1[0m stage [32mfrom-build-pack[0m and container [32mstep-promote-helm-release[0m
WARNING: No $CHART_REPOSITORY defined so using the default value of: http://jenkins-x-chartmuseum:8080
Adding missing Helm repo: storage.googleapis.com https://storage.googleapis.com/chartmuseum.jenkins-x.io
Read credentials for https://storage.googleapis.com/chartmuseum.jenkins-x.io from vault helm/repos
Successfully added Helm repository storage.googleapis.com.
Adding missing Helm repo: jenkins-x-chartmuseum http://jenkins-x-chartmuseum:8080
Read credentials for http://jenkins-x-chartmuseum:8080 from vault helm/repos
Successfully added Helm repository jenkins-x-chartmuseum.
WARNING: No $CHART_REPOSITORY defined so using the default value of: http://jenkins-x-chartmuseum:8080
Uploading chart file kubecon-sandiego-0.0.1.tgz to http://jenkins-x-chartmuseum:8080/api/charts
Received 201 response: {"saved":true}

Showing logs for build [32mcb-kubecd-kubecon-sandiego-mast-1[0m stage [32mfrom-build-pack[0m and container [32mstep-promote-jx-promote[0m
WARNING: prow based install so skip waiting for the merge of Pull Requests to go green as currently there is an issue with gettingstatuses from the PR, see https://github.com/jenkins-x/**/issues/2410
WARNING: No $CHART_REPOSITORY defined so using the default value of: http://jenkins-x-chartmuseum:8080
Promoting app kubecon-sandiego version 0.0.1 to namespace **-staging
WARNING: Waiting for the fork of ******************/environment-belldark-staging to appear...
Forked Git repository to https://github.com/******************/environment-belldark-staging
Created Pull Request: https://github.com/cb-kubecd/environment-belldark-staging/pull/1
Added label updatebot to Pull Request https://github.com/cb-kubecd/environment-belldark-staging/pull/1
WARNING: Failed to query the Pull Request last commit status for https://github.com/cb-kubecd/environment-belldark-staging/pull/1 ref f52ec19613d825057a09f4e9c1bbe72e6f830b5e Could not find a status for repository cb-kubecd/environment-belldark-staging with ref f52ec19613d825057a09f4e9c1bbe72e6f830b5e
WARNING: Failed to query the Pull Request last commit status for https://github.com/cb-kubecd/environment-belldark-staging/pull/1 ref f52ec19613d825057a09f4e9c1bbe72e6f830b5e Could not find a status for repository cb-kubecd/environment-belldark-staging with ref f52ec19613d825057a09f4e9c1bbe72e6f830b5e
WARNING: Failed to query the Pull Request last commit status for https://github.com/cb-kubecd/environment-belldark-staging/pull/1 ref f52ec19613d825057a09f4e9c1bbe72e6f830b5e Could not find a status for repository cb-kubecd/environment-belldark-staging with ref f52ec19613d825057a09f4e9c1bbe72e6f830b5e
WARNING: Failed to query the Pull Request last commit status for https://github.com/cb-kubecd/environment-belldark-staging/pull/1 ref f52ec19613d825057a09f4e9c1bbe72e6f830b5e Could not find a status for repository cb-kubecd/environment-belldark-staging with ref f52ec19613d825057a09f4e9c1bbe72e6f830b5e
WARNING: Failed to query the Pull Request last commit status for https://github.com/cb-kubecd/environment-belldark-staging/pull/1 ref f52ec19613d825057a09f4e9c1bbe72e6f830b5e Could not find a status for repository cb-kubecd/environment-belldark-staging with ref f52ec19613d825057a09f4e9c1bbe72e6f830b5e
WARNING: Failed to query the Pull Request last commit status for https://github.com/cb-kubecd/environment-belldark-staging/pull/1 ref f52ec19613d825057a09f4e9c1bbe72e6f830b5e Could not find a status for repository cb-kubecd/environment-belldark-staging with ref f52ec19613d825057a09f4e9c1bbe72e6f830b5e
WARNING: Failed to query the Pull Request last commit status for https://github.com/cb-kubecd/environment-belldark-staging/pull/1 ref f52ec19613d825057a09f4e9c1bbe72e6f830b5e Could not find a status for repository cb-kubecd/environment-belldark-staging with ref f52ec19613d825057a09f4e9c1bbe72e6f830b5e
Pull Request https://github.com/cb-kubecd/environment-belldark-staging/pull/1 is merged at sha 7956b43a17117f588a7af21ee31b0c0eaaedff84
Pull Request merged but we are not waiting for the update pipeline to complete!
WARNING: Could not find the service URL in namespace **-staging for names kubecon-sandiego, **-kubecon-sandiego, **-staging-kubecon-sandiego
